2003.12.17 11:08 B C:\Documents and Settings\tina\Desktop\STA program\tile\potluck3\tiletools2.html --> swiftwind.rcat.utoronto.ca /usr/webserver/content/barrierfree/docs/tile/potluck3 tiletools2.html
2003.12.17 11:13 B C:\Documents and Settings\tina\Desktop\STA program\tile\potluck3\tiletools2.html --> swiftwind.rcat.utoronto.ca /usr/webserver/content/barrierfree/docs/tile/potluck3 tiletools2.html
2004.10.28 16:27 B C:\Documents and Settings\tina\Desktop\STA program\tile\potluck3\activities.html --> swiftwind.rcat.utoronto.ca /usr/webserver/content/barrierfree/docs/tile/potluck3 activities.html
2004.10.28 16:27 B C:\Documents and Settings\tina\Desktop\STA program\tile\potluck3\alt_aud.gif --> swiftwind.rcat.utoronto.ca /usr/webserver/content/barrierfree/docs/tile/potluck3 alt_aud.gif
2004.10.28 16:27 B C:\Documents and Settings\tina\Desktop\STA program\tile\potluck3\alt_text.gif --> swiftwind.rcat.utoronto.ca /usr/webserver/content/barrierfree/docs/tile/potluck3 alt_text.gif
2004.10.28 16:27 B C:\Documents and Settings\tina\Desktop\STA program\tile\potluck3\alt_vis.gif --> swiftwind.rcat.utoronto.ca /usr/webserver/content/barrierfree/docs/tile/potluck3 alt_vis.gif
2004.10.28 16:27 B C:\Documents and Settings\tina\Desktop\STA program\tile\potluck3\content views.gif --> swiftwind.rcat.utoronto.ca /usr/webserver/content/barrierfree/docs/tile/potluck3 content views.gif
2004.10.28 16:27 B C:\Documents and Settings\tina\Desktop\STA program\tile\potluck3\density.gif --> swiftwind.rcat.utoronto.ca /usr/webserver/content/barrierfree/docs/tile/potluck3 density.gif
2004.10.28 16:27 B C:\Documents and Settings\tina\Desktop\STA program\tile\potluck3\equivalents2.gif --> swiftwind.rcat.utoronto.ca /usr/webserver/content/barrierfree/docs/tile/potluck3 equivalents2.gif
2004.10.28 16:27 B C:\Documents and Settings\tina\Desktop\STA program\tile\potluck3\flexiblee-learning.ppt --> swiftwind.rcat.utoronto.ca /usr/webserver/content/barrierfree/docs/tile/potluck3 flexiblee-learning.ppt
2004.10.28 16:27 B C:\Documents and Settings\tina\Desktop\STA program\tile\potluck3\GroupActivityPL3.html --> swiftwind.rcat.utoronto.ca /usr/webserver/content/barrierfree/docs/tile/potluck3 GroupActivityPL3.html
2004.10.28 16:27 B C:\Documents and Settings\tina\Desktop\STA program\tile\potluck3\Image2.gif --> swiftwind.rcat.utoronto.ca /usr/webserver/content/barrierfree/docs/tile/potluck3 Image2.gif
2004.10.28 16:27 B C:\Documents and Settings\tina\Desktop\STA program\tile\potluck3\Image3.gif --> swiftwind.rcat.utoronto.ca /usr/webserver/content/barrierfree/docs/tile/potluck3 Image3.gif
2004.10.28 16:27 B C:\Documents and Settings\tina\Desktop\STA program\tile\potluck3\index.html --> swiftwind.rcat.utoronto.ca /usr/webserver/content/barrierfree/docs/tile/potluck3 index.html
2004.10.28 16:27 B C:\Documents and Settings\tina\Desktop\STA program\tile\potluck3\NALD_template.xml --> swiftwind.rcat.utoronto.ca /usr/webserver/content/barrierfree/docs/tile/potluck3 NALD_template.xml
2004.10.28 16:27 B C:\Documents and Settings\tina\Desktop\STA program\tile\potluck3\naldmdata.ppt --> swiftwind.rcat.utoronto.ca /usr/webserver/content/barrierfree/docs/tile/potluck3 naldmdata.ppt
2004.10.28 16:27 B C:\Documents and Settings\tina\Desktop\STA program\tile\potluck3\nav_strat.gif --> swiftwind.rcat.utoronto.ca /usr/webserver/content/barrierfree/docs/tile/potluck3 nav_strat.gif
2004.10.28 16:27 B C:\Documents and Settings\tina\Desktop\STA program\tile\potluck3\Potluck3_ppt_template.ppt --> swiftwind.rcat.utoronto.ca /usr/webserver/content/barrierfree/docs/tile/potluck3 Potluck3_ppt_template.ppt
2004.10.28 16:27 B C:\Documents and Settings\tina\Desktop\STA program\tile\potluck3\potluckf_ppt_template1.ppt --> swiftwind.rcat.utoronto.ca /usr/webserver/content/barrierfree/docs/tile/potluck3 potluckf_ppt_template1.ppt
2004.10.28 16:27 B C:\Documents and Settings\tina\Desktop\STA program\tile\potluck3\potluckf_ppt_template2.ppt --> swiftwind.rcat.utoronto.ca /usr/webserver/content/barrierfree/docs/tile/potluck3 potluckf_ppt_template2.ppt
2004.10.28 16:27 B C:\Documents and Settings\tina\Desktop\STA program\tile\potluck3\potluckf_ppt_template3.ppt --> swiftwind.rcat.utoronto.ca /usr/webserver/content/barrierfree/docs/tile/potluck3 potluckf_ppt_template3.ppt
2004.10.28 16:27 B C:\Documents and Settings\tina\Desktop\STA program\tile\potluck3\potluckf_ppt_template4.ppt --> swiftwind.rcat.utoronto.ca /usr/webserver/content/barrierfree/docs/tile/potluck3 potluckf_ppt_template4.ppt
2004.10.28 16:27 B C:\Documents and Settings\tina\Desktop\STA program\tile\potluck3\resources.html --> swiftwind.rcat.utoronto.ca /usr/webserver/content/barrierfree/docs/tile/potluck3 resources.html
2004.10.28 16:27 B C:\Documents and Settings\tina\Desktop\STA program\tile\potluck3\resources2.html --> swiftwind.rcat.utoronto.ca /usr/webserver/content/barrierfree/docs/tile/potluck3 resources2.html
2004.10.28 16:27 B C:\Documents and Settings\tina\Desktop\STA program\tile\potluck3\scaffold.gif --> swiftwind.rcat.utoronto.ca /usr/webserver/content/barrierfree/docs/tile/potluck3 scaffold.gif
2004.10.28 16:27 B C:\Documents and Settings\tina\Desktop\STA program\tile\potluck3\scaffolding.gif --> swiftwind.rcat.utoronto.ca /usr/webserver/content/barrierfree/docs/tile/potluck3 scaffolding.gif
2004.10.28 16:27 B C:\Documents and Settings\tina\Desktop\STA program\tile\potluck3\screen_enhance.gif --> swiftwind.rcat.utoronto.ca /usr/webserver/content/barrierfree/docs/tile/potluck3 screen_enhance.gif
2004.10.28 16:27 B C:\Documents and Settings\tina\Desktop\STA program\tile\potluck3\struct_nav.gif --> swiftwind.rcat.utoronto.ca /usr/webserver/content/barrierfree/docs/tile/potluck3 struct_nav.gif
2004.10.28 16:27 B C:\Documents and Settings\tina\Desktop\STA program\tile\potluck3\struct_preset.gif --> swiftwind.rcat.utoronto.ca /usr/webserver/content/barrierfree/docs/tile/potluck3 struct_preset.gif
2004.10.28 16:27 B C:\Documents and Settings\tina\Desktop\STA program\tile\potluck3\style_prefs.gif --> swiftwind.rcat.utoronto.ca /usr/webserver/content/barrierfree/docs/tile/potluck3 style_prefs.gif
2004.10.28 16:27 B C:\Documents and Settings\tina\Desktop\STA program\tile\potluck3\style_sheet.gif --> swiftwind.rcat.utoronto.ca /usr/webserver/content/barrierfree/docs/tile/potluck3 style_sheet.gif
2004.10.28 16:27 B C:\Documents and Settings\tina\Desktop\STA program\tile\potluck3\tilelogo.gif --> swiftwind.rcat.utoronto.ca /usr/webserver/content/barrierfree/docs/tile/potluck3 tilelogo.gif
2004.10.28 16:27 B C:\Documents and Settings\tina\Desktop\STA program\tile\potluck3\tiletools.html --> swiftwind.rcat.utoronto.ca /usr/webserver/content/barrierfree/docs/tile/potluck3 tiletools.html
2004.10.28 16:27 B C:\Documents and Settings\tina\Desktop\STA program\tile\potluck3\tiletools2.html --> swiftwind.rcat.utoronto.ca /usr/webserver/content/barrierfree/docs/tile/potluck3 tiletools2.html
2004.10.28 16:27 B C:\Documents and Settings\tina\Desktop\STA program\tile\potluck3\turbo-template.xml --> swiftwind.rcat.utoronto.ca /usr/webserver/content/barrierfree/docs/tile/potluck3 turbo-template.xml
