2002.09.18 17:52 B C:\BarrierFreeLOR\supp_images\01-sig-dig.jpg --> nexus.ic.utoronto.ca /Users/stasia/Projects/Broadband/Documents/AT eval files/for-burn-Sept18/BarrierFreeLOR/supp_images 01-sig-dig.jpg
2002.09.18 17:52 B C:\BarrierFreeLOR\supp_images\banner.jpg --> nexus.ic.utoronto.ca /Users/stasia/Projects/Broadband/Documents/AT eval files/for-burn-Sept18/BarrierFreeLOR/supp_images banner.jpg
2002.09.18 17:52 B C:\BarrierFreeLOR\supp_images\banner_btm3.jpg --> nexus.ic.utoronto.ca /Users/stasia/Projects/Broadband/Documents/AT eval files/for-burn-Sept18/BarrierFreeLOR/supp_images banner_btm3.jpg
2002.09.18 17:52 B C:\BarrierFreeLOR\supp_images\canary_style.css --> nexus.ic.utoronto.ca /Users/stasia/Projects/Broadband/Documents/AT eval files/for-burn-Sept18/BarrierFreeLOR/supp_images canary_style.css
2002.09.18 17:52 B C:\BarrierFreeLOR\supp_images\compoundunits.swf --> nexus.ic.utoronto.ca /Users/stasia/Projects/Broadband/Documents/AT eval files/for-burn-Sept18/BarrierFreeLOR/supp_images compoundunits.swf
2002.09.18 17:52 B C:\BarrierFreeLOR\supp_images\compoundunits_desc.htm --> nexus.ic.utoronto.ca /Users/stasia/Projects/Broadband/Documents/AT eval files/for-burn-Sept18/BarrierFreeLOR/supp_images compoundunits_desc.htm
2002.09.18 17:52 B C:\BarrierFreeLOR\supp_images\desk-computers.jpg --> nexus.ic.utoronto.ca /Users/stasia/Projects/Broadband/Documents/AT eval files/for-burn-Sept18/BarrierFreeLOR/supp_images desk-computers.jpg
2002.09.18 17:52 B C:\BarrierFreeLOR\supp_images\escalator-elevator.jpg --> nexus.ic.utoronto.ca /Users/stasia/Projects/Broadband/Documents/AT eval files/for-burn-Sept18/BarrierFreeLOR/supp_images escalator-elevator.jpg
2002.09.18 17:52 B C:\BarrierFreeLOR\supp_images\gymnast.jpg --> nexus.ic.utoronto.ca /Users/stasia/Projects/Broadband/Documents/AT eval files/for-burn-Sept18/BarrierFreeLOR/supp_images gymnast.jpg
2002.09.18 17:52 B C:\BarrierFreeLOR\supp_images\puck.swf --> nexus.ic.utoronto.ca /Users/stasia/Projects/Broadband/Documents/AT eval files/for-burn-Sept18/BarrierFreeLOR/supp_images puck.swf
2002.09.18 17:52 B C:\BarrierFreeLOR\supp_images\puck_desc.htm --> nexus.ic.utoronto.ca /Users/stasia/Projects/Broadband/Documents/AT eval files/for-burn-Sept18/BarrierFreeLOR/supp_images puck_desc.htm
2002.09.18 17:52 B C:\BarrierFreeLOR\supp_images\reduce-friction-gymnast.jpg --> nexus.ic.utoronto.ca /Users/stasia/Projects/Broadband/Documents/AT eval files/for-burn-Sept18/BarrierFreeLOR/supp_images reduce-friction-gymnast.jpg
2002.09.18 17:52 B C:\BarrierFreeLOR\supp_images\sack-race.jpg --> nexus.ic.utoronto.ca /Users/stasia/Projects/Broadband/Documents/AT eval files/for-burn-Sept18/BarrierFreeLOR/supp_images sack-race.jpg
2002.09.18 17:52 B C:\BarrierFreeLOR\supp_images\spring_desc.htm --> nexus.ic.utoronto.ca /Users/stasia/Projects/Broadband/Documents/AT eval files/for-burn-Sept18/BarrierFreeLOR/supp_images spring_desc.htm
2002.09.18 17:52 B C:\BarrierFreeLOR\supp_images\tile_left.gif --> nexus.ic.utoronto.ca /Users/stasia/Projects/Broadband/Documents/AT eval files/for-burn-Sept18/BarrierFreeLOR/supp_images tile_left.gif
2002.09.18 17:52 B C:\BarrierFreeLOR\supp_images\tile_right.gif --> nexus.ic.utoronto.ca /Users/stasia/Projects/Broadband/Documents/AT eval files/for-burn-Sept18/BarrierFreeLOR/supp_images tile_right.gif
2002.09.18 17:52 B C:\BarrierFreeLOR\supp_images\triangles.swf --> nexus.ic.utoronto.ca /Users/stasia/Projects/Broadband/Documents/AT eval files/for-burn-Sept18/BarrierFreeLOR/supp_images triangles.swf
2002.09.18 17:52 B C:\BarrierFreeLOR\supp_images\triangles_desc.htm --> nexus.ic.utoronto.ca /Users/stasia/Projects/Broadband/Documents/AT eval files/for-burn-Sept18/BarrierFreeLOR/supp_images triangles_desc.htm
2002.10.10 10:24 B C:\BarrierFreeLOR\supp_images\tile_left.gif --> nexus.ic.utoronto.ca /Users/stasia/Desktop/fromPC/BarrierFreeLOR/supp_images tile_left.gif
2002.10.10 10:24 B C:\BarrierFreeLOR\supp_images\tile_right.gif --> nexus.ic.utoronto.ca /Users/stasia/Desktop/fromPC/BarrierFreeLOR/supp_images tile_right.gif
2002.10.10 10:24 B C:\BarrierFreeLOR\supp_images\canary_style.css --> nexus.ic.utoronto.ca /Users/stasia/Desktop/fromPC/BarrierFreeLOR/supp_images canary_style.css
2002.10.10 10:24 B C:\BarrierFreeLOR\supp_images\compoundunits_desc.htm --> nexus.ic.utoronto.ca /Users/stasia/Desktop/fromPC/BarrierFreeLOR/supp_images compoundunits_desc.htm
2002.10.10 10:24 B C:\BarrierFreeLOR\supp_images\spring_desc.htm --> nexus.ic.utoronto.ca /Users/stasia/Desktop/fromPC/BarrierFreeLOR/supp_images spring_desc.htm
2002.10.10 10:24 B C:\BarrierFreeLOR\supp_images\triangles_desc.htm --> nexus.ic.utoronto.ca /Users/stasia/Desktop/fromPC/BarrierFreeLOR/supp_images triangles_desc.htm
2002.10.10 10:24 B C:\BarrierFreeLOR\supp_images\puck_desc.htm --> nexus.ic.utoronto.ca /Users/stasia/Desktop/fromPC/BarrierFreeLOR/supp_images puck_desc.htm
