2002.09.18 17:47 B C:\BarrierFreeLOR\calcs\variables\d.htm --> nexus.ic.utoronto.ca /Users/stasia/Projects/Broadband/Documents/AT eval files/for-burn-Sept18/BarrierFreeLOR/calcs/variables d.htm
2002.09.18 17:47 B C:\BarrierFreeLOR\calcs\variables\Ek.htm --> nexus.ic.utoronto.ca /Users/stasia/Projects/Broadband/Documents/AT eval files/for-burn-Sept18/BarrierFreeLOR/calcs/variables Ek.htm
2002.09.18 17:47 B C:\BarrierFreeLOR\calcs\variables\Ep.htm --> nexus.ic.utoronto.ca /Users/stasia/Projects/Broadband/Documents/AT eval files/for-burn-Sept18/BarrierFreeLOR/calcs/variables Ep.htm
2002.09.18 17:47 B C:\BarrierFreeLOR\calcs\variables\F.htm --> nexus.ic.utoronto.ca /Users/stasia/Projects/Broadband/Documents/AT eval files/for-burn-Sept18/BarrierFreeLOR/calcs/variables F.htm
2002.09.18 17:47 B C:\BarrierFreeLOR\calcs\variables\Fg.htm --> nexus.ic.utoronto.ca /Users/stasia/Projects/Broadband/Documents/AT eval files/for-burn-Sept18/BarrierFreeLOR/calcs/variables Fg.htm
2002.09.18 17:47 B C:\BarrierFreeLOR\calcs\variables\height.htm --> nexus.ic.utoronto.ca /Users/stasia/Projects/Broadband/Documents/AT eval files/for-burn-Sept18/BarrierFreeLOR/calcs/variables height.htm
2002.09.18 17:47 B C:\BarrierFreeLOR\calcs\variables\length.htm --> nexus.ic.utoronto.ca /Users/stasia/Projects/Broadband/Documents/AT eval files/for-burn-Sept18/BarrierFreeLOR/calcs/variables length.htm
2002.09.18 17:47 B C:\BarrierFreeLOR\calcs\variables\mass.htm --> nexus.ic.utoronto.ca /Users/stasia/Projects/Broadband/Documents/AT eval files/for-burn-Sept18/BarrierFreeLOR/calcs/variables mass.htm
2002.09.18 17:47 B C:\BarrierFreeLOR\calcs\variables\power.htm --> nexus.ic.utoronto.ca /Users/stasia/Projects/Broadband/Documents/AT eval files/for-burn-Sept18/BarrierFreeLOR/calcs/variables power.htm
2002.09.18 17:47 B C:\BarrierFreeLOR\calcs\variables\time.htm --> nexus.ic.utoronto.ca /Users/stasia/Projects/Broadband/Documents/AT eval files/for-burn-Sept18/BarrierFreeLOR/calcs/variables time.htm
2002.09.18 17:47 B C:\BarrierFreeLOR\calcs\variables\velocity.htm --> nexus.ic.utoronto.ca /Users/stasia/Projects/Broadband/Documents/AT eval files/for-burn-Sept18/BarrierFreeLOR/calcs/variables velocity.htm
2002.09.18 17:47 B C:\BarrierFreeLOR\calcs\variables\work.htm --> nexus.ic.utoronto.ca /Users/stasia/Projects/Broadband/Documents/AT eval files/for-burn-Sept18/BarrierFreeLOR/calcs/variables work.htm
2002.10.10 10:24 B C:\BarrierFreeLOR\calcs\variables\power.htm --> nexus.ic.utoronto.ca /Users/stasia/Desktop/fromPC/BarrierFreeLOR/calcs/variables power.htm
2002.10.10 10:24 B C:\BarrierFreeLOR\calcs\variables\work.htm --> nexus.ic.utoronto.ca /Users/stasia/Desktop/fromPC/BarrierFreeLOR/calcs/variables work.htm
2002.10.10 10:24 B C:\BarrierFreeLOR\calcs\variables\time.htm --> nexus.ic.utoronto.ca /Users/stasia/Desktop/fromPC/BarrierFreeLOR/calcs/variables time.htm
2002.10.10 10:24 B C:\BarrierFreeLOR\calcs\variables\F.htm --> nexus.ic.utoronto.ca /Users/stasia/Desktop/fromPC/BarrierFreeLOR/calcs/variables F.htm
2002.10.10 10:24 B C:\BarrierFreeLOR\calcs\variables\height.htm --> nexus.ic.utoronto.ca /Users/stasia/Desktop/fromPC/BarrierFreeLOR/calcs/variables height.htm
2002.10.10 10:24 B C:\BarrierFreeLOR\calcs\variables\length.htm --> nexus.ic.utoronto.ca /Users/stasia/Desktop/fromPC/BarrierFreeLOR/calcs/variables length.htm
2002.10.10 10:24 B C:\BarrierFreeLOR\calcs\variables\mass.htm --> nexus.ic.utoronto.ca /Users/stasia/Desktop/fromPC/BarrierFreeLOR/calcs/variables mass.htm
2002.10.10 10:24 B C:\BarrierFreeLOR\calcs\variables\d.htm --> nexus.ic.utoronto.ca /Users/stasia/Desktop/fromPC/BarrierFreeLOR/calcs/variables d.htm
2002.10.10 10:24 B C:\BarrierFreeLOR\calcs\variables\velocity.htm --> nexus.ic.utoronto.ca /Users/stasia/Desktop/fromPC/BarrierFreeLOR/calcs/variables velocity.htm
2002.10.10 10:24 B C:\BarrierFreeLOR\calcs\variables\Ek.htm --> nexus.ic.utoronto.ca /Users/stasia/Desktop/fromPC/BarrierFreeLOR/calcs/variables Ek.htm
2002.10.10 10:24 B C:\BarrierFreeLOR\calcs\variables\Ep.htm --> nexus.ic.utoronto.ca /Users/stasia/Desktop/fromPC/BarrierFreeLOR/calcs/variables Ep.htm
2002.10.10 10:24 B C:\BarrierFreeLOR\calcs\variables\Fg.htm --> nexus.ic.utoronto.ca /Users/stasia/Desktop/fromPC/BarrierFreeLOR/calcs/variables Fg.htm
