2004.03.08 15:15 B C:\Documents and Settings\tina\Desktop\tilepan\activem.gif <-- swiftwind barrierfree /usr/webserver/content/barrierfree/docs/oldtile/tilepan activem.gif
2004.03.08 15:15 B C:\Documents and Settings\tina\Desktop\tilepan\activep.gif <-- swiftwind barrierfree /usr/webserver/content/barrierfree/docs/oldtile/tilepan activep.gif
2004.03.08 15:15 B C:\Documents and Settings\tina\Desktop\tilepan\collapse.gif <-- swiftwind barrierfree /usr/webserver/content/barrierfree/docs/oldtile/tilepan collapse.gif
2004.03.08 15:15 B C:\Documents and Settings\tina\Desktop\tilepan\expand.gif <-- swiftwind barrierfree /usr/webserver/content/barrierfree/docs/oldtile/tilepan expand.gif
2004.03.08 15:15 B C:\Documents and Settings\tina\Desktop\tilepan\first.gif <-- swiftwind barrierfree /usr/webserver/content/barrierfree/docs/oldtile/tilepan first.gif
2004.03.08 15:15 B C:\Documents and Settings\tina\Desktop\tilepan\home.gif <-- swiftwind barrierfree /usr/webserver/content/barrierfree/docs/oldtile/tilepan home.gif
2004.03.08 15:15 B C:\Documents and Settings\tina\Desktop\tilepan\ielogo.gif <-- swiftwind barrierfree /usr/webserver/content/barrierfree/docs/oldtile/tilepan ielogo.gif
2004.03.08 15:15 B C:\Documents and Settings\tina\Desktop\tilepan\img001.gif <-- swiftwind barrierfree /usr/webserver/content/barrierfree/docs/oldtile/tilepan img001.gif
2004.03.08 15:15 B C:\Documents and Settings\tina\Desktop\tilepan\img002.gif <-- swiftwind barrierfree /usr/webserver/content/barrierfree/docs/oldtile/tilepan img002.gif
2004.03.08 15:15 B C:\Documents and Settings\tina\Desktop\tilepan\img003.gif <-- swiftwind barrierfree /usr/webserver/content/barrierfree/docs/oldtile/tilepan img003.gif
2004.03.08 15:15 B C:\Documents and Settings\tina\Desktop\tilepan\img004.gif <-- swiftwind barrierfree /usr/webserver/content/barrierfree/docs/oldtile/tilepan img004.gif
2004.03.08 15:15 B C:\Documents and Settings\tina\Desktop\tilepan\img005.gif <-- swiftwind barrierfree /usr/webserver/content/barrierfree/docs/oldtile/tilepan img005.gif
2004.03.08 15:15 B C:\Documents and Settings\tina\Desktop\tilepan\img006.gif <-- swiftwind barrierfree /usr/webserver/content/barrierfree/docs/oldtile/tilepan img006.gif
2004.03.08 15:15 B C:\Documents and Settings\tina\Desktop\tilepan\img007.gif <-- swiftwind barrierfree /usr/webserver/content/barrierfree/docs/oldtile/tilepan img007.gif
2004.03.08 15:15 B C:\Documents and Settings\tina\Desktop\tilepan\img008.gif <-- swiftwind barrierfree /usr/webserver/content/barrierfree/docs/oldtile/tilepan img008.gif
2004.03.08 15:15 B C:\Documents and Settings\tina\Desktop\tilepan\img009.gif <-- swiftwind barrierfree /usr/webserver/content/barrierfree/docs/oldtile/tilepan img009.gif
2004.03.08 15:15 B C:\Documents and Settings\tina\Desktop\tilepan\img010.gif <-- swiftwind barrierfree /usr/webserver/content/barrierfree/docs/oldtile/tilepan img010.gif
2004.03.08 15:15 B C:\Documents and Settings\tina\Desktop\tilepan\img011.gif <-- swiftwind barrierfree /usr/webserver/content/barrierfree/docs/oldtile/tilepan img011.gif
2004.03.08 15:15 B C:\Documents and Settings\tina\Desktop\tilepan\img012.gif <-- swiftwind barrierfree /usr/webserver/content/barrierfree/docs/oldtile/tilepan img012.gif
2004.03.08 15:16 B C:\Documents and Settings\tina\Desktop\tilepan\img013.gif <-- swiftwind barrierfree /usr/webserver/content/barrierfree/docs/oldtile/tilepan img013.gif
2004.03.08 15:16 B C:\Documents and Settings\tina\Desktop\tilepan\img014.gif <-- swiftwind barrierfree /usr/webserver/content/barrierfree/docs/oldtile/tilepan img014.gif
2004.03.08 15:16 B C:\Documents and Settings\tina\Desktop\tilepan\img015.gif <-- swiftwind barrierfree /usr/webserver/content/barrierfree/docs/oldtile/tilepan img015.gif
2004.03.08 15:16 B C:\Documents and Settings\tina\Desktop\tilepan\img016.gif <-- swiftwind barrierfree /usr/webserver/content/barrierfree/docs/oldtile/tilepan img016.gif
2004.03.08 15:16 B C:\Documents and Settings\tina\Desktop\tilepan\img017.gif <-- swiftwind barrierfree /usr/webserver/content/barrierfree/docs/oldtile/tilepan img017.gif
2004.03.08 15:16 B C:\Documents and Settings\tina\Desktop\tilepan\img018.gif <-- swiftwind barrierfree /usr/webserver/content/barrierfree/docs/oldtile/tilepan img018.gif
2004.03.08 15:16 B C:\Documents and Settings\tina\Desktop\tilepan\img019.gif <-- swiftwind barrierfree /usr/webserver/content/barrierfree/docs/oldtile/tilepan img019.gif
2004.03.08 15:16 B C:\Documents and Settings\tina\Desktop\tilepan\img020.gif <-- swiftwind barrierfree /usr/webserver/content/barrierfree/docs/oldtile/tilepan img020.gif
2004.03.08 15:16 B C:\Documents and Settings\tina\Desktop\tilepan\img021.gif <-- swiftwind barrierfree /usr/webserver/content/barrierfree/docs/oldtile/tilepan img021.gif
2004.03.08 15:16 B C:\Documents and Settings\tina\Desktop\tilepan\img022.gif <-- swiftwind barrierfree /usr/webserver/content/barrierfree/docs/oldtile/tilepan img022.gif
2004.03.08 15:16 B C:\Documents and Settings\tina\Desktop\tilepan\img023.gif <-- swiftwind barrierfree /usr/webserver/content/barrierfree/docs/oldtile/tilepan img023.gif
2004.03.08 15:16 B C:\Documents and Settings\tina\Desktop\tilepan\img024.gif <-- swiftwind barrierfree /usr/webserver/content/barrierfree/docs/oldtile/tilepan img024.gif
2004.03.08 15:16 B C:\Documents and Settings\tina\Desktop\tilepan\img025.gif <-- swiftwind barrierfree /usr/webserver/content/barrierfree/docs/oldtile/tilepan img025.gif
2004.03.08 15:16 B C:\Documents and Settings\tina\Desktop\tilepan\img026.gif <-- swiftwind barrierfree /usr/webserver/content/barrierfree/docs/oldtile/tilepan img026.gif
2004.03.08 15:16 B C:\Documents and Settings\tina\Desktop\tilepan\img027.gif <-- swiftwind barrierfree /usr/webserver/content/barrierfree/docs/oldtile/tilepan img027.gif
2004.03.08 15:16 B C:\Documents and Settings\tina\Desktop\tilepan\img028.gif <-- swiftwind barrierfree /usr/webserver/content/barrierfree/docs/oldtile/tilepan img028.gif
2004.03.08 15:16 B C:\Documents and Settings\tina\Desktop\tilepan\img029.gif <-- swiftwind barrierfree /usr/webserver/content/barrierfree/docs/oldtile/tilepan img029.gif
2004.03.08 15:16 B C:\Documents and Settings\tina\Desktop\tilepan\img030.gif <-- swiftwind barrierfree /usr/webserver/content/barrierfree/docs/oldtile/tilepan img030.gif
2004.03.08 15:16 B C:\Documents and Settings\tina\Desktop\tilepan\img031.gif <-- swiftwind barrierfree /usr/webserver/content/barrierfree/docs/oldtile/tilepan img031.gif
2004.03.08 15:16 B C:\Documents and Settings\tina\Desktop\tilepan\img032.gif <-- swiftwind barrierfree /usr/webserver/content/barrierfree/docs/oldtile/tilepan img032.gif
2004.03.08 15:16 B C:\Documents and Settings\tina\Desktop\tilepan\index.htm <-- swiftwind barrierfree /usr/webserver/content/barrierfree/docs/oldtile/tilepan index.htm
2004.03.08 15:16 B C:\Documents and Settings\tina\Desktop\tilepan\info.gif <-- swiftwind barrierfree /usr/webserver/content/barrierfree/docs/oldtile/tilepan info.gif
2004.03.08 15:16 B C:\Documents and Settings\tina\Desktop\tilepan\last.gif <-- swiftwind barrierfree /usr/webserver/content/barrierfree/docs/oldtile/tilepan last.gif
2004.03.08 15:16 B C:\Documents and Settings\tina\Desktop\tilepan\next.gif <-- swiftwind barrierfree /usr/webserver/content/barrierfree/docs/oldtile/tilepan next.gif
2004.03.08 15:16 B C:\Documents and Settings\tina\Desktop\tilepan\pptani.gif <-- swiftwind barrierfree /usr/webserver/content/barrierfree/docs/oldtile/tilepan pptani.gif
2004.03.08 15:16 B C:\Documents and Settings\tina\Desktop\tilepan\prev.gif <-- swiftwind barrierfree /usr/webserver/content/barrierfree/docs/oldtile/tilepan prev.gif
2004.03.08 15:16 B C:\Documents and Settings\tina\Desktop\tilepan\sld001.htm <-- swiftwind barrierfree /usr/webserver/content/barrierfree/docs/oldtile/tilepan sld001.htm
2004.03.08 15:16 B C:\Documents and Settings\tina\Desktop\tilepan\sld002.htm <-- swiftwind barrierfree /usr/webserver/content/barrierfree/docs/oldtile/tilepan sld002.htm
2004.03.08 15:16 B C:\Documents and Settings\tina\Desktop\tilepan\sld003.htm <-- swiftwind barrierfree /usr/webserver/content/barrierfree/docs/oldtile/tilepan sld003.htm
2004.03.08 15:16 B C:\Documents and Settings\tina\Desktop\tilepan\sld004.htm <-- swiftwind barrierfree /usr/webserver/content/barrierfree/docs/oldtile/tilepan sld004.htm
2004.03.08 15:16 B C:\Documents and Settings\tina\Desktop\tilepan\sld005.htm <-- swiftwind barrierfree /usr/webserver/content/barrierfree/docs/oldtile/tilepan sld005.htm
2004.03.08 15:16 B C:\Documents and Settings\tina\Desktop\tilepan\sld006.htm <-- swiftwind barrierfree /usr/webserver/content/barrierfree/docs/oldtile/tilepan sld006.htm
2004.03.08 15:16 B C:\Documents and Settings\tina\Desktop\tilepan\sld007.htm <-- swiftwind barrierfree /usr/webserver/content/barrierfree/docs/oldtile/tilepan sld007.htm
2004.03.08 15:16 B C:\Documents and Settings\tina\Desktop\tilepan\sld008.htm <-- swiftwind barrierfree /usr/webserver/content/barrierfree/docs/oldtile/tilepan sld008.htm
2004.03.08 15:16 B C:\Documents and Settings\tina\Desktop\tilepan\sld009.htm <-- swiftwind barrierfree /usr/webserver/content/barrierfree/docs/oldtile/tilepan sld009.htm
2004.03.08 15:16 B C:\Documents and Settings\tina\Desktop\tilepan\sld010.htm <-- swiftwind barrierfree /usr/webserver/content/barrierfree/docs/oldtile/tilepan sld010.htm
2004.03.08 15:16 B C:\Documents and Settings\tina\Desktop\tilepan\sld011.htm <-- swiftwind barrierfree /usr/webserver/content/barrierfree/docs/oldtile/tilepan sld011.htm
2004.03.08 15:16 B C:\Documents and Settings\tina\Desktop\tilepan\sld012.htm <-- swiftwind barrierfree /usr/webserver/content/barrierfree/docs/oldtile/tilepan sld012.htm
2004.03.08 15:16 B C:\Documents and Settings\tina\Desktop\tilepan\sld013.htm <-- swiftwind barrierfree /usr/webserver/content/barrierfree/docs/oldtile/tilepan sld013.htm
2004.03.08 15:16 B C:\Documents and Settings\tina\Desktop\tilepan\sld014.htm <-- swiftwind barrierfree /usr/webserver/content/barrierfree/docs/oldtile/tilepan sld014.htm
2004.03.08 15:16 B C:\Documents and Settings\tina\Desktop\tilepan\sld015.htm <-- swiftwind barrierfree /usr/webserver/content/barrierfree/docs/oldtile/tilepan sld015.htm
2004.03.08 15:16 B C:\Documents and Settings\tina\Desktop\tilepan\sld016.htm <-- swiftwind barrierfree /usr/webserver/content/barrierfree/docs/oldtile/tilepan sld016.htm
2004.03.08 15:16 B C:\Documents and Settings\tina\Desktop\tilepan\sld017.htm <-- swiftwind barrierfree /usr/webserver/content/barrierfree/docs/oldtile/tilepan sld017.htm
2004.03.08 15:16 B C:\Documents and Settings\tina\Desktop\tilepan\sld018.htm <-- swiftwind barrierfree /usr/webserver/content/barrierfree/docs/oldtile/tilepan sld018.htm
2004.03.08 15:16 B C:\Documents and Settings\tina\Desktop\tilepan\sld019.htm <-- swiftwind barrierfree /usr/webserver/content/barrierfree/docs/oldtile/tilepan sld019.htm
2004.03.08 15:16 B C:\Documents and Settings\tina\Desktop\tilepan\sld020.htm <-- swiftwind barrierfree /usr/webserver/content/barrierfree/docs/oldtile/tilepan sld020.htm
2004.03.08 15:16 B C:\Documents and Settings\tina\Desktop\tilepan\sld021.htm <-- swiftwind barrierfree /usr/webserver/content/barrierfree/docs/oldtile/tilepan sld021.htm
2004.03.08 15:16 B C:\Documents and Settings\tina\Desktop\tilepan\sld022.htm <-- swiftwind barrierfree /usr/webserver/content/barrierfree/docs/oldtile/tilepan sld022.htm
2004.03.08 15:16 B C:\Documents and Settings\tina\Desktop\tilepan\sld023.htm <-- swiftwind barrierfree /usr/webserver/content/barrierfree/docs/oldtile/tilepan sld023.htm
2004.03.08 15:16 B C:\Documents and Settings\tina\Desktop\tilepan\sld024.htm <-- swiftwind barrierfree /usr/webserver/content/barrierfree/docs/oldtile/tilepan sld024.htm
2004.03.08 15:16 B C:\Documents and Settings\tina\Desktop\tilepan\sld025.htm <-- swiftwind barrierfree /usr/webserver/content/barrierfree/docs/oldtile/tilepan sld025.htm
2004.03.08 15:16 B C:\Documents and Settings\tina\Desktop\tilepan\sld026.htm <-- swiftwind barrierfree /usr/webserver/content/barrierfree/docs/oldtile/tilepan sld026.htm
2004.03.08 15:16 B C:\Documents and Settings\tina\Desktop\tilepan\sld027.htm <-- swiftwind barrierfree /usr/webserver/content/barrierfree/docs/oldtile/tilepan sld027.htm
2004.03.08 15:16 B C:\Documents and Settings\tina\Desktop\tilepan\sld028.htm <-- swiftwind barrierfree /usr/webserver/content/barrierfree/docs/oldtile/tilepan sld028.htm
2004.03.08 15:16 B C:\Documents and Settings\tina\Desktop\tilepan\sld029.htm <-- swiftwind barrierfree /usr/webserver/content/barrierfree/docs/oldtile/tilepan sld029.htm
2004.03.08 15:16 B C:\Documents and Settings\tina\Desktop\tilepan\sld030.htm <-- swiftwind barrierfree /usr/webserver/content/barrierfree/docs/oldtile/tilepan sld030.htm
2004.03.08 15:16 B C:\Documents and Settings\tina\Desktop\tilepan\sld031.htm <-- swiftwind barrierfree /usr/webserver/content/barrierfree/docs/oldtile/tilepan sld031.htm
2004.03.08 15:16 B C:\Documents and Settings\tina\Desktop\tilepan\sld032.htm <-- swiftwind barrierfree /usr/webserver/content/barrierfree/docs/oldtile/tilepan sld032.htm
2004.03.08 15:16 B C:\Documents and Settings\tina\Desktop\tilepan\space.gif <-- swiftwind barrierfree /usr/webserver/content/barrierfree/docs/oldtile/tilepan space.gif
2004.03.08 15:16 B C:\Documents and Settings\tina\Desktop\tilepan\text.gif <-- swiftwind barrierfree /usr/webserver/content/barrierfree/docs/oldtile/tilepan text.gif
2004.03.08 15:16 B C:\Documents and Settings\tina\Desktop\tilepan\tsld001.htm <-- swiftwind barrierfree /usr/webserver/content/barrierfree/docs/oldtile/tilepan tsld001.htm
2004.03.08 15:16 B C:\Documents and Settings\tina\Desktop\tilepan\tsld002.htm <-- swiftwind barrierfree /usr/webserver/content/barrierfree/docs/oldtile/tilepan tsld002.htm
2004.03.08 15:16 B C:\Documents and Settings\tina\Desktop\tilepan\tsld003.htm <-- swiftwind barrierfree /usr/webserver/content/barrierfree/docs/oldtile/tilepan tsld003.htm
2004.03.08 15:16 B C:\Documents and Settings\tina\Desktop\tilepan\tsld004.htm <-- swiftwind barrierfree /usr/webserver/content/barrierfree/docs/oldtile/tilepan tsld004.htm
2004.03.08 15:16 B C:\Documents and Settings\tina\Desktop\tilepan\tsld005.htm <-- swiftwind barrierfree /usr/webserver/content/barrierfree/docs/oldtile/tilepan tsld005.htm
2004.03.08 15:16 B C:\Documents and Settings\tina\Desktop\tilepan\tsld006.htm <-- swiftwind barrierfree /usr/webserver/content/barrierfree/docs/oldtile/tilepan tsld006.htm
2004.03.08 15:16 B C:\Documents and Settings\tina\Desktop\tilepan\tsld007.htm <-- swiftwind barrierfree /usr/webserver/content/barrierfree/docs/oldtile/tilepan tsld007.htm
2004.03.08 15:16 B C:\Documents and Settings\tina\Desktop\tilepan\tsld008.htm <-- swiftwind barrierfree /usr/webserver/content/barrierfree/docs/oldtile/tilepan tsld008.htm
2004.03.08 15:16 B C:\Documents and Settings\tina\Desktop\tilepan\tsld009.htm <-- swiftwind barrierfree /usr/webserver/content/barrierfree/docs/oldtile/tilepan tsld009.htm
2004.03.08 15:16 B C:\Documents and Settings\tina\Desktop\tilepan\tsld010.htm <-- swiftwind barrierfree /usr/webserver/content/barrierfree/docs/oldtile/tilepan tsld010.htm
2004.03.08 15:16 B C:\Documents and Settings\tina\Desktop\tilepan\tsld011.htm <-- swiftwind barrierfree /usr/webserver/content/barrierfree/docs/oldtile/tilepan tsld011.htm
2004.03.08 15:16 B C:\Documents and Settings\tina\Desktop\tilepan\tsld012.htm <-- swiftwind barrierfree /usr/webserver/content/barrierfree/docs/oldtile/tilepan tsld012.htm
2004.03.08 15:16 B C:\Documents and Settings\tina\Desktop\tilepan\tsld013.htm <-- swiftwind barrierfree /usr/webserver/content/barrierfree/docs/oldtile/tilepan tsld013.htm
2004.03.08 15:16 B C:\Documents and Settings\tina\Desktop\tilepan\tsld014.htm <-- swiftwind barrierfree /usr/webserver/content/barrierfree/docs/oldtile/tilepan tsld014.htm
2004.03.08 15:16 B C:\Documents and Settings\tina\Desktop\tilepan\tsld015.htm <-- swiftwind barrierfree /usr/webserver/content/barrierfree/docs/oldtile/tilepan tsld015.htm
2004.03.08 15:16 B C:\Documents and Settings\tina\Desktop\tilepan\tsld016.htm <-- swiftwind barrierfree /usr/webserver/content/barrierfree/docs/oldtile/tilepan tsld016.htm
2004.03.08 15:16 B C:\Documents and Settings\tina\Desktop\tilepan\tsld017.htm <-- swiftwind barrierfree /usr/webserver/content/barrierfree/docs/oldtile/tilepan tsld017.htm
2004.03.08 15:16 B C:\Documents and Settings\tina\Desktop\tilepan\tsld018.htm <-- swiftwind barrierfree /usr/webserver/content/barrierfree/docs/oldtile/tilepan tsld018.htm
2004.03.08 15:16 B C:\Documents and Settings\tina\Desktop\tilepan\tsld019.htm <-- swiftwind barrierfree /usr/webserver/content/barrierfree/docs/oldtile/tilepan tsld019.htm
2004.03.08 15:16 B C:\Documents and Settings\tina\Desktop\tilepan\tsld020.htm <-- swiftwind barrierfree /usr/webserver/content/barrierfree/docs/oldtile/tilepan tsld020.htm
2004.03.08 15:16 B C:\Documents and Settings\tina\Desktop\tilepan\tsld021.htm <-- swiftwind barrierfree /usr/webserver/content/barrierfree/docs/oldtile/tilepan tsld021.htm
2004.03.08 15:16 B C:\Documents and Settings\tina\Desktop\tilepan\tsld022.htm <-- swiftwind barrierfree /usr/webserver/content/barrierfree/docs/oldtile/tilepan tsld022.htm
2004.03.08 15:16 B C:\Documents and Settings\tina\Desktop\tilepan\tsld023.htm <-- swiftwind barrierfree /usr/webserver/content/barrierfree/docs/oldtile/tilepan tsld023.htm
2004.03.08 15:16 B C:\Documents and Settings\tina\Desktop\tilepan\tsld024.htm <-- swiftwind barrierfree /usr/webserver/content/barrierfree/docs/oldtile/tilepan tsld024.htm
2004.03.08 15:16 B C:\Documents and Settings\tina\Desktop\tilepan\tsld025.htm <-- swiftwind barrierfree /usr/webserver/content/barrierfree/docs/oldtile/tilepan tsld025.htm
2004.03.08 15:16 B C:\Documents and Settings\tina\Desktop\tilepan\tsld026.htm <-- swiftwind barrierfree /usr/webserver/content/barrierfree/docs/oldtile/tilepan tsld026.htm
2004.03.08 15:16 B C:\Documents and Settings\tina\Desktop\tilepan\tsld027.htm <-- swiftwind barrierfree /usr/webserver/content/barrierfree/docs/oldtile/tilepan tsld027.htm
2004.03.08 15:16 B C:\Documents and Settings\tina\Desktop\tilepan\tsld028.htm <-- swiftwind barrierfree /usr/webserver/content/barrierfree/docs/oldtile/tilepan tsld028.htm
2004.03.08 15:16 B C:\Documents and Settings\tina\Desktop\tilepan\tsld029.htm <-- swiftwind barrierfree /usr/webserver/content/barrierfree/docs/oldtile/tilepan tsld029.htm
2004.03.08 15:16 B C:\Documents and Settings\tina\Desktop\tilepan\tsld030.htm <-- swiftwind barrierfree /usr/webserver/content/barrierfree/docs/oldtile/tilepan tsld030.htm
2004.03.08 15:16 B C:\Documents and Settings\tina\Desktop\tilepan\tsld031.htm <-- swiftwind barrierfree /usr/webserver/content/barrierfree/docs/oldtile/tilepan tsld031.htm
2004.03.08 15:16 B C:\Documents and Settings\tina\Desktop\tilepan\tsld032.htm <-- swiftwind barrierfree /usr/webserver/content/barrierfree/docs/oldtile/tilepan tsld032.htm
2004.03.08 15:16 B C:\Documents and Settings\tina\Desktop\tilepan\activem.gif --> swiftwind.rcat.utoronto.ca /usr/webserver/content/barrierfree/docs/tile/tilepan activem.gif
2004.03.08 15:16 B C:\Documents and Settings\tina\Desktop\tilepan\activep.gif --> swiftwind.rcat.utoronto.ca /usr/webserver/content/barrierfree/docs/tile/tilepan activep.gif
2004.03.08 15:16 B C:\Documents and Settings\tina\Desktop\tilepan\collapse.gif --> swiftwind.rcat.utoronto.ca /usr/webserver/content/barrierfree/docs/tile/tilepan collapse.gif
2004.03.08 15:16 B C:\Documents and Settings\tina\Desktop\tilepan\expand.gif --> swiftwind.rcat.utoronto.ca /usr/webserver/content/barrierfree/docs/tile/tilepan expand.gif
2004.03.08 15:16 B C:\Documents and Settings\tina\Desktop\tilepan\first.gif --> swiftwind.rcat.utoronto.ca /usr/webserver/content/barrierfree/docs/tile/tilepan first.gif
2004.03.08 15:16 B C:\Documents and Settings\tina\Desktop\tilepan\home.gif --> swiftwind.rcat.utoronto.ca /usr/webserver/content/barrierfree/docs/tile/tilepan home.gif
2004.03.08 15:16 B C:\Documents and Settings\tina\Desktop\tilepan\ielogo.gif --> swiftwind.rcat.utoronto.ca /usr/webserver/content/barrierfree/docs/tile/tilepan ielogo.gif
2004.03.08 15:16 B C:\Documents and Settings\tina\Desktop\tilepan\img001.gif --> swiftwind.rcat.utoronto.ca /usr/webserver/content/barrierfree/docs/tile/tilepan img001.gif
2004.03.08 15:16 B C:\Documents and Settings\tina\Desktop\tilepan\img002.gif --> swiftwind.rcat.utoronto.ca /usr/webserver/content/barrierfree/docs/tile/tilepan img002.gif
2004.03.08 15:16 B C:\Documents and Settings\tina\Desktop\tilepan\img003.gif --> swiftwind.rcat.utoronto.ca /usr/webserver/content/barrierfree/docs/tile/tilepan img003.gif
2004.03.08 15:16 B C:\Documents and Settings\tina\Desktop\tilepan\img004.gif --> swiftwind.rcat.utoronto.ca /usr/webserver/content/barrierfree/docs/tile/tilepan img004.gif
2004.03.08 15:16 B C:\Documents and Settings\tina\Desktop\tilepan\img005.gif --> swiftwind.rcat.utoronto.ca /usr/webserver/content/barrierfree/docs/tile/tilepan img005.gif
2004.03.08 15:16 B C:\Documents and Settings\tina\Desktop\tilepan\img006.gif --> swiftwind.rcat.utoronto.ca /usr/webserver/content/barrierfree/docs/tile/tilepan img006.gif
2004.03.08 15:16 B C:\Documents and Settings\tina\Desktop\tilepan\img007.gif --> swiftwind.rcat.utoronto.ca /usr/webserver/content/barrierfree/docs/tile/tilepan img007.gif
2004.03.08 15:16 B C:\Documents and Settings\tina\Desktop\tilepan\img008.gif --> swiftwind.rcat.utoronto.ca /usr/webserver/content/barrierfree/docs/tile/tilepan img008.gif
2004.03.08 15:16 B C:\Documents and Settings\tina\Desktop\tilepan\img009.gif --> swiftwind.rcat.utoronto.ca /usr/webserver/content/barrierfree/docs/tile/tilepan img009.gif
2004.03.08 15:16 B C:\Documents and Settings\tina\Desktop\tilepan\img010.gif --> swiftwind.rcat.utoronto.ca /usr/webserver/content/barrierfree/docs/tile/tilepan img010.gif
2004.03.08 15:16 B C:\Documents and Settings\tina\Desktop\tilepan\img011.gif --> swiftwind.rcat.utoronto.ca /usr/webserver/content/barrierfree/docs/tile/tilepan img011.gif
2004.03.08 15:16 B C:\Documents and Settings\tina\Desktop\tilepan\img012.gif --> swiftwind.rcat.utoronto.ca /usr/webserver/content/barrierfree/docs/tile/tilepan img012.gif
2004.03.08 15:16 B C:\Documents and Settings\tina\Desktop\tilepan\img013.gif --> swiftwind.rcat.utoronto.ca /usr/webserver/content/barrierfree/docs/tile/tilepan img013.gif
2004.03.08 15:16 B C:\Documents and Settings\tina\Desktop\tilepan\img014.gif --> swiftwind.rcat.utoronto.ca /usr/webserver/content/barrierfree/docs/tile/tilepan img014.gif
2004.03.08 15:16 B C:\Documents and Settings\tina\Desktop\tilepan\img015.gif --> swiftwind.rcat.utoronto.ca /usr/webserver/content/barrierfree/docs/tile/tilepan img015.gif
2004.03.08 15:16 B C:\Documents and Settings\tina\Desktop\tilepan\img016.gif --> swiftwind.rcat.utoronto.ca /usr/webserver/content/barrierfree/docs/tile/tilepan img016.gif
2004.03.08 15:16 B C:\Documents and Settings\tina\Desktop\tilepan\img017.gif --> swiftwind.rcat.utoronto.ca /usr/webserver/content/barrierfree/docs/tile/tilepan img017.gif
2004.03.08 15:16 B C:\Documents and Settings\tina\Desktop\tilepan\img018.gif --> swiftwind.rcat.utoronto.ca /usr/webserver/content/barrierfree/docs/tile/tilepan img018.gif
2004.03.08 15:16 B C:\Documents and Settings\tina\Desktop\tilepan\img019.gif --> swiftwind.rcat.utoronto.ca /usr/webserver/content/barrierfree/docs/tile/tilepan img019.gif
2004.03.08 15:16 B C:\Documents and Settings\tina\Desktop\tilepan\img020.gif --> swiftwind.rcat.utoronto.ca /usr/webserver/content/barrierfree/docs/tile/tilepan img020.gif
2004.03.08 15:16 B C:\Documents and Settings\tina\Desktop\tilepan\img021.gif --> swiftwind.rcat.utoronto.ca /usr/webserver/content/barrierfree/docs/tile/tilepan img021.gif
2004.03.08 15:16 B C:\Documents and Settings\tina\Desktop\tilepan\img022.gif --> swiftwind.rcat.utoronto.ca /usr/webserver/content/barrierfree/docs/tile/tilepan img022.gif
2004.03.08 15:16 B C:\Documents and Settings\tina\Desktop\tilepan\img023.gif --> swiftwind.rcat.utoronto.ca /usr/webserver/content/barrierfree/docs/tile/tilepan img023.gif
2004.03.08 15:16 B C:\Documents and Settings\tina\Desktop\tilepan\img024.gif --> swiftwind.rcat.utoronto.ca /usr/webserver/content/barrierfree/docs/tile/tilepan img024.gif
2004.03.08 15:16 B C:\Documents and Settings\tina\Desktop\tilepan\img025.gif --> swiftwind.rcat.utoronto.ca /usr/webserver/content/barrierfree/docs/tile/tilepan img025.gif
2004.03.08 15:16 B C:\Documents and Settings\tina\Desktop\tilepan\img026.gif --> swiftwind.rcat.utoronto.ca /usr/webserver/content/barrierfree/docs/tile/tilepan img026.gif
2004.03.08 15:16 B C:\Documents and Settings\tina\Desktop\tilepan\img027.gif --> swiftwind.rcat.utoronto.ca /usr/webserver/content/barrierfree/docs/tile/tilepan img027.gif
2004.03.08 15:16 B C:\Documents and Settings\tina\Desktop\tilepan\img028.gif --> swiftwind.rcat.utoronto.ca /usr/webserver/content/barrierfree/docs/tile/tilepan img028.gif
2004.03.08 15:16 B C:\Documents and Settings\tina\Desktop\tilepan\img029.gif --> swiftwind.rcat.utoronto.ca /usr/webserver/content/barrierfree/docs/tile/tilepan img029.gif
2004.03.08 15:16 B C:\Documents and Settings\tina\Desktop\tilepan\img030.gif --> swiftwind.rcat.utoronto.ca /usr/webserver/content/barrierfree/docs/tile/tilepan img030.gif
2004.03.08 15:16 B C:\Documents and Settings\tina\Desktop\tilepan\img031.gif --> swiftwind.rcat.utoronto.ca /usr/webserver/content/barrierfree/docs/tile/tilepan img031.gif
2004.03.08 15:16 B C:\Documents and Settings\tina\Desktop\tilepan\img032.gif --> swiftwind.rcat.utoronto.ca /usr/webserver/content/barrierfree/docs/tile/tilepan img032.gif
2004.03.08 15:16 B C:\Documents and Settings\tina\Desktop\tilepan\index.htm --> swiftwind.rcat.utoronto.ca /usr/webserver/content/barrierfree/docs/tile/tilepan index.htm
2004.03.08 15:16 B C:\Documents and Settings\tina\Desktop\tilepan\info.gif --> swiftwind.rcat.utoronto.ca /usr/webserver/content/barrierfree/docs/tile/tilepan info.gif
2004.03.08 15:16 B C:\Documents and Settings\tina\Desktop\tilepan\last.gif --> swiftwind.rcat.utoronto.ca /usr/webserver/content/barrierfree/docs/tile/tilepan last.gif
2004.03.08 15:16 B C:\Documents and Settings\tina\Desktop\tilepan\next.gif --> swiftwind.rcat.utoronto.ca /usr/webserver/content/barrierfree/docs/tile/tilepan next.gif
2004.03.08 15:16 B C:\Documents and Settings\tina\Desktop\tilepan\pptani.gif --> swiftwind.rcat.utoronto.ca /usr/webserver/content/barrierfree/docs/tile/tilepan pptani.gif
2004.03.08 15:16 B C:\Documents and Settings\tina\Desktop\tilepan\prev.gif --> swiftwind.rcat.utoronto.ca /usr/webserver/content/barrierfree/docs/tile/tilepan prev.gif
2004.03.08 15:16 B C:\Documents and Settings\tina\Desktop\tilepan\sld001.htm --> swiftwind.rcat.utoronto.ca /usr/webserver/content/barrierfree/docs/tile/tilepan sld001.htm
2004.03.08 15:16 B C:\Documents and Settings\tina\Desktop\tilepan\sld002.htm --> swiftwind.rcat.utoronto.ca /usr/webserver/content/barrierfree/docs/tile/tilepan sld002.htm
2004.03.08 15:16 B C:\Documents and Settings\tina\Desktop\tilepan\sld003.htm --> swiftwind.rcat.utoronto.ca /usr/webserver/content/barrierfree/docs/tile/tilepan sld003.htm
2004.03.08 15:16 B C:\Documents and Settings\tina\Desktop\tilepan\sld004.htm --> swiftwind.rcat.utoronto.ca /usr/webserver/content/barrierfree/docs/tile/tilepan sld004.htm
2004.03.08 15:16 B C:\Documents and Settings\tina\Desktop\tilepan\sld005.htm --> swiftwind.rcat.utoronto.ca /usr/webserver/content/barrierfree/docs/tile/tilepan sld005.htm
2004.03.08 15:16 B C:\Documents and Settings\tina\Desktop\tilepan\sld006.htm --> swiftwind.rcat.utoronto.ca /usr/webserver/content/barrierfree/docs/tile/tilepan sld006.htm
2004.03.08 15:16 B C:\Documents and Settings\tina\Desktop\tilepan\sld007.htm --> swiftwind.rcat.utoronto.ca /usr/webserver/content/barrierfree/docs/tile/tilepan sld007.htm
2004.03.08 15:16 B C:\Documents and Settings\tina\Desktop\tilepan\sld008.htm --> swiftwind.rcat.utoronto.ca /usr/webserver/content/barrierfree/docs/tile/tilepan sld008.htm
2004.03.08 15:16 B C:\Documents and Settings\tina\Desktop\tilepan\sld009.htm --> swiftwind.rcat.utoronto.ca /usr/webserver/content/barrierfree/docs/tile/tilepan sld009.htm
2004.03.08 15:16 B C:\Documents and Settings\tina\Desktop\tilepan\sld010.htm --> swiftwind.rcat.utoronto.ca /usr/webserver/content/barrierfree/docs/tile/tilepan sld010.htm
2004.03.08 15:16 B C:\Documents and Settings\tina\Desktop\tilepan\sld011.htm --> swiftwind.rcat.utoronto.ca /usr/webserver/content/barrierfree/docs/tile/tilepan sld011.htm
2004.03.08 15:16 B C:\Documents and Settings\tina\Desktop\tilepan\sld012.htm --> swiftwind.rcat.utoronto.ca /usr/webserver/content/barrierfree/docs/tile/tilepan sld012.htm
2004.03.08 15:16 B C:\Documents and Settings\tina\Desktop\tilepan\sld013.htm --> swiftwind.rcat.utoronto.ca /usr/webserver/content/barrierfree/docs/tile/tilepan sld013.htm
2004.03.08 15:16 B C:\Documents and Settings\tina\Desktop\tilepan\sld014.htm --> swiftwind.rcat.utoronto.ca /usr/webserver/content/barrierfree/docs/tile/tilepan sld014.htm
2004.03.08 15:16 B C:\Documents and Settings\tina\Desktop\tilepan\sld015.htm --> swiftwind.rcat.utoronto.ca /usr/webserver/content/barrierfree/docs/tile/tilepan sld015.htm
2004.03.08 15:16 B C:\Documents and Settings\tina\Desktop\tilepan\sld016.htm --> swiftwind.rcat.utoronto.ca /usr/webserver/content/barrierfree/docs/tile/tilepan sld016.htm
2004.03.08 15:16 B C:\Documents and Settings\tina\Desktop\tilepan\sld017.htm --> swiftwind.rcat.utoronto.ca /usr/webserver/content/barrierfree/docs/tile/tilepan sld017.htm
2004.03.08 15:16 B C:\Documents and Settings\tina\Desktop\tilepan\sld018.htm --> swiftwind.rcat.utoronto.ca /usr/webserver/content/barrierfree/docs/tile/tilepan sld018.htm
2004.03.08 15:16 B C:\Documents and Settings\tina\Desktop\tilepan\sld019.htm --> swiftwind.rcat.utoronto.ca /usr/webserver/content/barrierfree/docs/tile/tilepan sld019.htm
2004.03.08 15:16 B C:\Documents and Settings\tina\Desktop\tilepan\sld020.htm --> swiftwind.rcat.utoronto.ca /usr/webserver/content/barrierfree/docs/tile/tilepan sld020.htm
2004.03.08 15:16 B C:\Documents and Settings\tina\Desktop\tilepan\sld021.htm --> swiftwind.rcat.utoronto.ca /usr/webserver/content/barrierfree/docs/tile/tilepan sld021.htm
2004.03.08 15:16 B C:\Documents and Settings\tina\Desktop\tilepan\sld022.htm --> swiftwind.rcat.utoronto.ca /usr/webserver/content/barrierfree/docs/tile/tilepan sld022.htm
2004.03.08 15:16 B C:\Documents and Settings\tina\Desktop\tilepan\sld023.htm --> swiftwind.rcat.utoronto.ca /usr/webserver/content/barrierfree/docs/tile/tilepan sld023.htm
2004.03.08 15:16 B C:\Documents and Settings\tina\Desktop\tilepan\sld024.htm --> swiftwind.rcat.utoronto.ca /usr/webserver/content/barrierfree/docs/tile/tilepan sld024.htm
2004.03.08 15:16 B C:\Documents and Settings\tina\Desktop\tilepan\sld025.htm --> swiftwind.rcat.utoronto.ca /usr/webserver/content/barrierfree/docs/tile/tilepan sld025.htm
2004.03.08 15:16 B C:\Documents and Settings\tina\Desktop\tilepan\sld026.htm --> swiftwind.rcat.utoronto.ca /usr/webserver/content/barrierfree/docs/tile/tilepan sld026.htm
2004.03.08 15:16 B C:\Documents and Settings\tina\Desktop\tilepan\sld027.htm --> swiftwind.rcat.utoronto.ca /usr/webserver/content/barrierfree/docs/tile/tilepan sld027.htm
2004.03.08 15:16 B C:\Documents and Settings\tina\Desktop\tilepan\sld028.htm --> swiftwind.rcat.utoronto.ca /usr/webserver/content/barrierfree/docs/tile/tilepan sld028.htm
2004.03.08 15:16 B C:\Documents and Settings\tina\Desktop\tilepan\sld029.htm --> swiftwind.rcat.utoronto.ca /usr/webserver/content/barrierfree/docs/tile/tilepan sld029.htm
2004.03.08 15:16 B C:\Documents and Settings\tina\Desktop\tilepan\sld030.htm --> swiftwind.rcat.utoronto.ca /usr/webserver/content/barrierfree/docs/tile/tilepan sld030.htm
2004.03.08 15:16 B C:\Documents and Settings\tina\Desktop\tilepan\sld031.htm --> swiftwind.rcat.utoronto.ca /usr/webserver/content/barrierfree/docs/tile/tilepan sld031.htm
2004.03.08 15:16 B C:\Documents and Settings\tina\Desktop\tilepan\sld032.htm --> swiftwind.rcat.utoronto.ca /usr/webserver/content/barrierfree/docs/tile/tilepan sld032.htm
2004.03.08 15:16 B C:\Documents and Settings\tina\Desktop\tilepan\space.gif --> swiftwind.rcat.utoronto.ca /usr/webserver/content/barrierfree/docs/tile/tilepan space.gif
2004.03.08 15:16 B C:\Documents and Settings\tina\Desktop\tilepan\text.gif --> swiftwind.rcat.utoronto.ca /usr/webserver/content/barrierfree/docs/tile/tilepan text.gif
2004.03.08 15:16 B C:\Documents and Settings\tina\Desktop\tilepan\tsld001.htm --> swiftwind.rcat.utoronto.ca /usr/webserver/content/barrierfree/docs/tile/tilepan tsld001.htm
2004.03.08 15:16 B C:\Documents and Settings\tina\Desktop\tilepan\tsld002.htm --> swiftwind.rcat.utoronto.ca /usr/webserver/content/barrierfree/docs/tile/tilepan tsld002.htm
2004.03.08 15:16 B C:\Documents and Settings\tina\Desktop\tilepan\tsld003.htm --> swiftwind.rcat.utoronto.ca /usr/webserver/content/barrierfree/docs/tile/tilepan tsld003.htm
2004.03.08 15:16 B C:\Documents and Settings\tina\Desktop\tilepan\tsld004.htm --> swiftwind.rcat.utoronto.ca /usr/webserver/content/barrierfree/docs/tile/tilepan tsld004.htm
2004.03.08 15:16 B C:\Documents and Settings\tina\Desktop\tilepan\tsld005.htm --> swiftwind.rcat.utoronto.ca /usr/webserver/content/barrierfree/docs/tile/tilepan tsld005.htm
2004.03.08 15:16 B C:\Documents and Settings\tina\Desktop\tilepan\tsld006.htm --> swiftwind.rcat.utoronto.ca /usr/webserver/content/barrierfree/docs/tile/tilepan tsld006.htm
2004.03.08 15:16 B C:\Documents and Settings\tina\Desktop\tilepan\tsld007.htm --> swiftwind.rcat.utoronto.ca /usr/webserver/content/barrierfree/docs/tile/tilepan tsld007.htm
2004.03.08 15:16 B C:\Documents and Settings\tina\Desktop\tilepan\tsld008.htm --> swiftwind.rcat.utoronto.ca /usr/webserver/content/barrierfree/docs/tile/tilepan tsld008.htm
2004.03.08 15:16 B C:\Documents and Settings\tina\Desktop\tilepan\tsld009.htm --> swiftwind.rcat.utoronto.ca /usr/webserver/content/barrierfree/docs/tile/tilepan tsld009.htm
2004.03.08 15:16 B C:\Documents and Settings\tina\Desktop\tilepan\tsld010.htm --> swiftwind.rcat.utoronto.ca /usr/webserver/content/barrierfree/docs/tile/tilepan tsld010.htm
2004.03.08 15:16 B C:\Documents and Settings\tina\Desktop\tilepan\tsld011.htm --> swiftwind.rcat.utoronto.ca /usr/webserver/content/barrierfree/docs/tile/tilepan tsld011.htm
2004.03.08 15:16 B C:\Documents and Settings\tina\Desktop\tilepan\tsld012.htm --> swiftwind.rcat.utoronto.ca /usr/webserver/content/barrierfree/docs/tile/tilepan tsld012.htm
2004.03.08 15:16 B C:\Documents and Settings\tina\Desktop\tilepan\tsld013.htm --> swiftwind.rcat.utoronto.ca /usr/webserver/content/barrierfree/docs/tile/tilepan tsld013.htm
2004.03.08 15:16 B C:\Documents and Settings\tina\Desktop\tilepan\tsld014.htm --> swiftwind.rcat.utoronto.ca /usr/webserver/content/barrierfree/docs/tile/tilepan tsld014.htm
2004.03.08 15:16 B C:\Documents and Settings\tina\Desktop\tilepan\tsld015.htm --> swiftwind.rcat.utoronto.ca /usr/webserver/content/barrierfree/docs/tile/tilepan tsld015.htm
2004.03.08 15:16 B C:\Documents and Settings\tina\Desktop\tilepan\tsld016.htm --> swiftwind.rcat.utoronto.ca /usr/webserver/content/barrierfree/docs/tile/tilepan tsld016.htm
2004.03.08 15:16 B C:\Documents and Settings\tina\Desktop\tilepan\tsld017.htm --> swiftwind.rcat.utoronto.ca /usr/webserver/content/barrierfree/docs/tile/tilepan tsld017.htm
2004.03.08 15:16 B C:\Documents and Settings\tina\Desktop\tilepan\tsld018.htm --> swiftwind.rcat.utoronto.ca /usr/webserver/content/barrierfree/docs/tile/tilepan tsld018.htm
2004.03.08 15:16 B C:\Documents and Settings\tina\Desktop\tilepan\tsld019.htm --> swiftwind.rcat.utoronto.ca /usr/webserver/content/barrierfree/docs/tile/tilepan tsld019.htm
2004.03.08 15:16 B C:\Documents and Settings\tina\Desktop\tilepan\tsld020.htm --> swiftwind.rcat.utoronto.ca /usr/webserver/content/barrierfree/docs/tile/tilepan tsld020.htm
2004.03.08 15:16 B C:\Documents and Settings\tina\Desktop\tilepan\tsld021.htm --> swiftwind.rcat.utoronto.ca /usr/webserver/content/barrierfree/docs/tile/tilepan tsld021.htm
2004.03.08 15:16 B C:\Documents and Settings\tina\Desktop\tilepan\tsld022.htm --> swiftwind.rcat.utoronto.ca /usr/webserver/content/barrierfree/docs/tile/tilepan tsld022.htm
2004.03.08 15:16 B C:\Documents and Settings\tina\Desktop\tilepan\tsld023.htm --> swiftwind.rcat.utoronto.ca /usr/webserver/content/barrierfree/docs/tile/tilepan tsld023.htm
2004.03.08 15:16 B C:\Documents and Settings\tina\Desktop\tilepan\tsld024.htm --> swiftwind.rcat.utoronto.ca /usr/webserver/content/barrierfree/docs/tile/tilepan tsld024.htm
2004.03.08 15:16 B C:\Documents and Settings\tina\Desktop\tilepan\tsld025.htm --> swiftwind.rcat.utoronto.ca /usr/webserver/content/barrierfree/docs/tile/tilepan tsld025.htm
2004.03.08 15:16 B C:\Documents and Settings\tina\Desktop\tilepan\tsld026.htm --> swiftwind.rcat.utoronto.ca /usr/webserver/content/barrierfree/docs/tile/tilepan tsld026.htm
2004.03.08 15:16 B C:\Documents and Settings\tina\Desktop\tilepan\tsld027.htm --> swiftwind.rcat.utoronto.ca /usr/webserver/content/barrierfree/docs/tile/tilepan tsld027.htm
2004.03.08 15:16 B C:\Documents and Settings\tina\Desktop\tilepan\tsld028.htm --> swiftwind.rcat.utoronto.ca /usr/webserver/content/barrierfree/docs/tile/tilepan tsld028.htm
2004.03.08 15:16 B C:\Documents and Settings\tina\Desktop\tilepan\tsld029.htm --> swiftwind.rcat.utoronto.ca /usr/webserver/content/barrierfree/docs/tile/tilepan tsld029.htm
2004.03.08 15:16 B C:\Documents and Settings\tina\Desktop\tilepan\tsld030.htm --> swiftwind.rcat.utoronto.ca /usr/webserver/content/barrierfree/docs/tile/tilepan tsld030.htm
2004.03.08 15:16 B C:\Documents and Settings\tina\Desktop\tilepan\tsld031.htm --> swiftwind.rcat.utoronto.ca /usr/webserver/content/barrierfree/docs/tile/tilepan tsld031.htm
2004.03.08 15:16 B C:\Documents and Settings\tina\Desktop\tilepan\tsld032.htm --> swiftwind.rcat.utoronto.ca /usr/webserver/content/barrierfree/docs/tile/tilepan tsld032.htm
