2004.10.28 16:06 B C:\Documents and Settings\tina\Desktop\tile\tools&resources\images\Thumbs.db <-- rcat tina site /usr/webserver/content/tina/docs/tile/tools&resources/images Thumbs.db
2004.10.28 16:06 B C:\Documents and Settings\tina\Desktop\tile\tools&resources\images\TILE-annotations.jpg <-- rcat tina site /usr/webserver/content/tina/docs/tile/tools&resources/images TILE-annotations.jpg
2004.10.28 16:06 B C:\Documents and Settings\tina\Desktop\tile\tools&resources\images\TILE-authoring-res-assign.jpg <-- rcat tina site /usr/webserver/content/tina/docs/tile/tools&resources/images TILE-authoring-res-assign.jpg
2004.10.28 16:06 B C:\Documents and Settings\tina\Desktop\tile\tools&resources\images\TILE-authoring-variant-assign.jpg <-- rcat tina site /usr/webserver/content/tina/docs/tile/tools&resources/images TILE-authoring-variant-assign.jpg
2004.10.28 16:06 B C:\Documents and Settings\tina\Desktop\tile\tools&resources\images\TILE-authoring.jpg <-- rcat tina site /usr/webserver/content/tina/docs/tile/tools&resources/images TILE-authoring.jpg
2004.10.28 16:06 B C:\Documents and Settings\tina\Desktop\tile\tools&resources\images\TILE-basic.jpg <-- rcat tina site /usr/webserver/content/tina/docs/tile/tools&resources/images TILE-basic.jpg
2004.10.28 16:06 B C:\Documents and Settings\tina\Desktop\tile\tools&resources\images\TILE-fonts.jpg <-- rcat tina site /usr/webserver/content/tina/docs/tile/tools&resources/images TILE-fonts.jpg
2004.10.28 16:06 B C:\Documents and Settings\tina\Desktop\tile\tools&resources\images\TILE-learner-goals.jpg <-- rcat tina site /usr/webserver/content/tina/docs/tile/tools&resources/images TILE-learner-goals.jpg
2004.10.28 16:06 B C:\Documents and Settings\tina\Desktop\tile\tools&resources\images\TILE-prefs-fonts.jpg <-- rcat tina site /usr/webserver/content/tina/docs/tile/tools&resources/images TILE-prefs-fonts.jpg
2004.10.28 16:07 B C:\Documents and Settings\tina\Desktop\tile\tools&resources\images\TILE-searching.jpg <-- rcat tina site /usr/webserver/content/tina/docs/tile/tools&resources/images TILE-searching.jpg
2004.10.28 16:07 B C:\Documents and Settings\tina\Desktop\tile\tools&resources\images\TILE-topic-exclusion.jpg <-- rcat tina site /usr/webserver/content/tina/docs/tile/tools&resources/images TILE-topic-exclusion.jpg
2004.10.28 16:07 B C:\Documents and Settings\tina\Desktop\tile\tools&resources\images\TILE-video-caption.jpg <-- rcat tina site /usr/webserver/content/tina/docs/tile/tools&resources/images TILE-video-caption.jpg
2004.10.28 16:15 B C:\Documents and Settings\tina\Desktop\tile\tools&resources\images\Thumbs.db --> swiftwind.rcat.utoronto.ca /usr/webserver/content/barrierfree/docs/tile/tools&resources/images Thumbs.db
2004.10.28 16:15 B C:\Documents and Settings\tina\Desktop\tile\tools&resources\images\TILE-annotations.jpg --> swiftwind.rcat.utoronto.ca /usr/webserver/content/barrierfree/docs/tile/tools&resources/images TILE-annotations.jpg
2004.10.28 16:15 B C:\Documents and Settings\tina\Desktop\tile\tools&resources\images\TILE-authoring-res-assign.jpg --> swiftwind.rcat.utoronto.ca /usr/webserver/content/barrierfree/docs/tile/tools&resources/images TILE-authoring-res-assign.jpg
2004.10.28 16:15 B C:\Documents and Settings\tina\Desktop\tile\tools&resources\images\TILE-authoring-variant-assign.jpg --> swiftwind.rcat.utoronto.ca /usr/webserver/content/barrierfree/docs/tile/tools&resources/images TILE-authoring-variant-assign.jpg
2004.10.28 16:15 B C:\Documents and Settings\tina\Desktop\tile\tools&resources\images\TILE-authoring.jpg --> swiftwind.rcat.utoronto.ca /usr/webserver/content/barrierfree/docs/tile/tools&resources/images TILE-authoring.jpg
2004.10.28 16:15 B C:\Documents and Settings\tina\Desktop\tile\tools&resources\images\TILE-basic.jpg --> swiftwind.rcat.utoronto.ca /usr/webserver/content/barrierfree/docs/tile/tools&resources/images TILE-basic.jpg
2004.10.28 16:15 B C:\Documents and Settings\tina\Desktop\tile\tools&resources\images\TILE-fonts.jpg --> swiftwind.rcat.utoronto.ca /usr/webserver/content/barrierfree/docs/tile/tools&resources/images TILE-fonts.jpg
2004.10.28 16:15 B C:\Documents and Settings\tina\Desktop\tile\tools&resources\images\TILE-learner-goals.jpg --> swiftwind.rcat.utoronto.ca /usr/webserver/content/barrierfree/docs/tile/tools&resources/images TILE-learner-goals.jpg
2004.10.28 16:15 B C:\Documents and Settings\tina\Desktop\tile\tools&resources\images\TILE-prefs-fonts.jpg --> swiftwind.rcat.utoronto.ca /usr/webserver/content/barrierfree/docs/tile/tools&resources/images TILE-prefs-fonts.jpg
2004.10.28 16:15 B C:\Documents and Settings\tina\Desktop\tile\tools&resources\images\TILE-searching.jpg --> swiftwind.rcat.utoronto.ca /usr/webserver/content/barrierfree/docs/tile/tools&resources/images TILE-searching.jpg
2004.10.28 16:15 B C:\Documents and Settings\tina\Desktop\tile\tools&resources\images\TILE-topic-exclusion.jpg --> swiftwind.rcat.utoronto.ca /usr/webserver/content/barrierfree/docs/tile/tools&resources/images TILE-topic-exclusion.jpg
2004.10.28 16:15 B C:\Documents and Settings\tina\Desktop\tile\tools&resources\images\TILE-video-caption.jpg --> swiftwind.rcat.utoronto.ca /usr/webserver/content/barrierfree/docs/tile/tools&resources/images TILE-video-caption.jpg
