2004.10.28 16:06 B C:\Documents and Settings\tina\Desktop\tile\images\atrclogo.gif <-- rcat tina site /usr/webserver/content/tina/docs/tile/images atrclogo.gif
2004.10.28 16:06 B C:\Documents and Settings\tina\Desktop\tile\images\blueline.gif <-- rcat tina site /usr/webserver/content/tina/docs/tile/images blueline.gif
2004.10.28 16:06 B C:\Documents and Settings\tina\Desktop\tile\images\canarielogo.gif <-- rcat tina site /usr/webserver/content/tina/docs/tile/images canarielogo.gif
2004.10.28 16:06 B C:\Documents and Settings\tina\Desktop\tile\images\final_atrc_logo.gif <-- rcat tina site /usr/webserver/content/tina/docs/tile/images final_atrc_logo.gif
2004.10.28 16:06 B C:\Documents and Settings\tina\Desktop\tile\images\hulogo.gif <-- rcat tina site /usr/webserver/content/tina/docs/tile/images hulogo.gif
2004.10.28 16:06 B C:\Documents and Settings\tina\Desktop\tile\images\news.gif <-- rcat tina site /usr/webserver/content/tina/docs/tile/images news.gif
2004.10.28 16:06 B C:\Documents and Settings\tina\Desktop\tile\images\spacer5.gif <-- rcat tina site /usr/webserver/content/tina/docs/tile/images spacer5.gif
2004.10.28 16:06 B C:\Documents and Settings\tina\Desktop\tile\images\Thumbs.db <-- rcat tina site /usr/webserver/content/tina/docs/tile/images Thumbs.db
2004.10.28 16:06 B C:\Documents and Settings\tina\Desktop\tile\images\tilelogosmall4.gif <-- rcat tina site /usr/webserver/content/tina/docs/tile/images tilelogosmall4.gif
2004.10.28 16:06 B C:\Documents and Settings\tina\Desktop\tile\images\whatis.gif <-- rcat tina site /usr/webserver/content/tina/docs/tile/images whatis.gif
2004.10.28 16:15 B C:\Documents and Settings\tina\Desktop\tile\images\atrclogo.gif --> swiftwind.rcat.utoronto.ca /usr/webserver/content/barrierfree/docs/tile/images atrclogo.gif
2004.10.28 16:15 B C:\Documents and Settings\tina\Desktop\tile\images\blueline.gif --> swiftwind.rcat.utoronto.ca /usr/webserver/content/barrierfree/docs/tile/images blueline.gif
2004.10.28 16:15 B C:\Documents and Settings\tina\Desktop\tile\images\canarielogo.gif --> swiftwind.rcat.utoronto.ca /usr/webserver/content/barrierfree/docs/tile/images canarielogo.gif
2004.10.28 16:15 B C:\Documents and Settings\tina\Desktop\tile\images\final_atrc_logo.gif --> swiftwind.rcat.utoronto.ca /usr/webserver/content/barrierfree/docs/tile/images final_atrc_logo.gif
2004.10.28 16:15 B C:\Documents and Settings\tina\Desktop\tile\images\hulogo.gif --> swiftwind.rcat.utoronto.ca /usr/webserver/content/barrierfree/docs/tile/images hulogo.gif
2004.10.28 16:15 B C:\Documents and Settings\tina\Desktop\tile\images\news.gif --> swiftwind.rcat.utoronto.ca /usr/webserver/content/barrierfree/docs/tile/images news.gif
2004.10.28 16:15 B C:\Documents and Settings\tina\Desktop\tile\images\spacer5.gif --> swiftwind.rcat.utoronto.ca /usr/webserver/content/barrierfree/docs/tile/images spacer5.gif
2004.10.28 16:15 B C:\Documents and Settings\tina\Desktop\tile\images\Thumbs.db --> swiftwind.rcat.utoronto.ca /usr/webserver/content/barrierfree/docs/tile/images Thumbs.db
2004.10.28 16:15 B C:\Documents and Settings\tina\Desktop\tile\images\tilelogosmall4.gif --> swiftwind.rcat.utoronto.ca /usr/webserver/content/barrierfree/docs/tile/images tilelogosmall4.gif
2004.10.28 16:15 B C:\Documents and Settings\tina\Desktop\tile\images\whatis.gif --> swiftwind.rcat.utoronto.ca /usr/webserver/content/barrierfree/docs/tile/images whatis.gif
