2003.12.17 10:36 B C:\Documents and Settings\tina\Desktop\metadata\tiletools2_files\alt_aud.gif --> swiftwind.rcat.utoronto.ca /usr/webserver/content/barrierfree/docs/tile/potluck3/metadata/tiletools2_files alt_aud.gif
2003.12.17 10:36 B C:\Documents and Settings\tina\Desktop\metadata\tiletools2_files\alt_text.gif --> swiftwind.rcat.utoronto.ca /usr/webserver/content/barrierfree/docs/tile/potluck3/metadata/tiletools2_files alt_text.gif
2003.12.17 10:36 B C:\Documents and Settings\tina\Desktop\metadata\tiletools2_files\alt_vis.gif --> swiftwind.rcat.utoronto.ca /usr/webserver/content/barrierfree/docs/tile/potluck3/metadata/tiletools2_files alt_vis.gif
2003.12.17 10:36 B C:\Documents and Settings\tina\Desktop\metadata\tiletools2_files\content%20views.gif --> swiftwind.rcat.utoronto.ca /usr/webserver/content/barrierfree/docs/tile/potluck3/metadata/tiletools2_files content%20views.gif
2003.12.17 10:36 B C:\Documents and Settings\tina\Desktop\metadata\tiletools2_files\density.gif --> swiftwind.rcat.utoronto.ca /usr/webserver/content/barrierfree/docs/tile/potluck3/metadata/tiletools2_files density.gif
2003.12.17 10:36 B C:\Documents and Settings\tina\Desktop\metadata\tiletools2_files\equivalents2.gif --> swiftwind.rcat.utoronto.ca /usr/webserver/content/barrierfree/docs/tile/potluck3/metadata/tiletools2_files equivalents2.gif
2003.12.17 10:36 B C:\Documents and Settings\tina\Desktop\metadata\tiletools2_files\LIST OF PARTICIPANTS.doc --> swiftwind.rcat.utoronto.ca /usr/webserver/content/barrierfree/docs/tile/potluck3/metadata/tiletools2_files LIST OF PARTICIPANTS.doc
2003.12.17 10:36 B C:\Documents and Settings\tina\Desktop\metadata\tiletools2_files\nav_strat.gif --> swiftwind.rcat.utoronto.ca /usr/webserver/content/barrierfree/docs/tile/potluck3/metadata/tiletools2_files nav_strat.gif
2003.12.17 10:36 B C:\Documents and Settings\tina\Desktop\metadata\tiletools2_files\scaffold.gif --> swiftwind.rcat.utoronto.ca /usr/webserver/content/barrierfree/docs/tile/potluck3/metadata/tiletools2_files scaffold.gif
2003.12.17 10:36 B C:\Documents and Settings\tina\Desktop\metadata\tiletools2_files\scaffolding.gif --> swiftwind.rcat.utoronto.ca /usr/webserver/content/barrierfree/docs/tile/potluck3/metadata/tiletools2_files scaffolding.gif
2003.12.17 10:36 B C:\Documents and Settings\tina\Desktop\metadata\tiletools2_files\screen_enhance.gif --> swiftwind.rcat.utoronto.ca /usr/webserver/content/barrierfree/docs/tile/potluck3/metadata/tiletools2_files screen_enhance.gif
2003.12.17 10:36 B C:\Documents and Settings\tina\Desktop\metadata\tiletools2_files\struct_nav.gif --> swiftwind.rcat.utoronto.ca /usr/webserver/content/barrierfree/docs/tile/potluck3/metadata/tiletools2_files struct_nav.gif
2003.12.17 10:36 B C:\Documents and Settings\tina\Desktop\metadata\tiletools2_files\struct_preset.gif --> swiftwind.rcat.utoronto.ca /usr/webserver/content/barrierfree/docs/tile/potluck3/metadata/tiletools2_files struct_preset.gif
2003.12.17 10:36 B C:\Documents and Settings\tina\Desktop\metadata\tiletools2_files\style_prefs.gif --> swiftwind.rcat.utoronto.ca /usr/webserver/content/barrierfree/docs/tile/potluck3/metadata/tiletools2_files style_prefs.gif
2003.12.17 10:36 B C:\Documents and Settings\tina\Desktop\metadata\tiletools2_files\style_sheet.gif --> swiftwind.rcat.utoronto.ca /usr/webserver/content/barrierfree/docs/tile/potluck3/metadata/tiletools2_files style_sheet.gif
2003.12.17 10:36 B C:\Documents and Settings\tina\Desktop\metadata\tiletools2_files\Thumbs.db --> swiftwind.rcat.utoronto.ca /usr/webserver/content/barrierfree/docs/tile/potluck3/metadata/tiletools2_files Thumbs.db
2003.12.17 10:36 B C:\Documents and Settings\tina\Desktop\metadata\tiletools2_files\tilelogo.gif --> swiftwind.rcat.utoronto.ca /usr/webserver/content/barrierfree/docs/tile/potluck3/metadata/tiletools2_files tilelogo.gif
2003.12.17 10:37 B C:\Documents and Settings\tina\Desktop\metadata\tiletools2_files\alt_aud.gif --> swiftwind.rcat.utoronto.ca /usr/webserver/content/barrierfree/docs/tile/potluck3/tiletools2_files alt_aud.gif
2003.12.17 10:37 B C:\Documents and Settings\tina\Desktop\metadata\tiletools2_files\alt_text.gif --> swiftwind.rcat.utoronto.ca /usr/webserver/content/barrierfree/docs/tile/potluck3/tiletools2_files alt_text.gif
2003.12.17 10:37 B C:\Documents and Settings\tina\Desktop\metadata\tiletools2_files\alt_vis.gif --> swiftwind.rcat.utoronto.ca /usr/webserver/content/barrierfree/docs/tile/potluck3/tiletools2_files alt_vis.gif
2003.12.17 10:37 B C:\Documents and Settings\tina\Desktop\metadata\tiletools2_files\content%20views.gif --> swiftwind.rcat.utoronto.ca /usr/webserver/content/barrierfree/docs/tile/potluck3/tiletools2_files content%20views.gif
2003.12.17 10:37 B C:\Documents and Settings\tina\Desktop\metadata\tiletools2_files\density.gif --> swiftwind.rcat.utoronto.ca /usr/webserver/content/barrierfree/docs/tile/potluck3/tiletools2_files density.gif
2003.12.17 10:37 B C:\Documents and Settings\tina\Desktop\metadata\tiletools2_files\equivalents2.gif --> swiftwind.rcat.utoronto.ca /usr/webserver/content/barrierfree/docs/tile/potluck3/tiletools2_files equivalents2.gif
2003.12.17 10:37 B C:\Documents and Settings\tina\Desktop\metadata\tiletools2_files\LIST OF PARTICIPANTS.doc --> swiftwind.rcat.utoronto.ca /usr/webserver/content/barrierfree/docs/tile/potluck3/tiletools2_files LIST OF PARTICIPANTS.doc
2003.12.17 10:37 B C:\Documents and Settings\tina\Desktop\metadata\tiletools2_files\nav_strat.gif --> swiftwind.rcat.utoronto.ca /usr/webserver/content/barrierfree/docs/tile/potluck3/tiletools2_files nav_strat.gif
2003.12.17 10:37 B C:\Documents and Settings\tina\Desktop\metadata\tiletools2_files\scaffold.gif --> swiftwind.rcat.utoronto.ca /usr/webserver/content/barrierfree/docs/tile/potluck3/tiletools2_files scaffold.gif
2003.12.17 10:37 B C:\Documents and Settings\tina\Desktop\metadata\tiletools2_files\scaffolding.gif --> swiftwind.rcat.utoronto.ca /usr/webserver/content/barrierfree/docs/tile/potluck3/tiletools2_files scaffolding.gif
2003.12.17 10:37 B C:\Documents and Settings\tina\Desktop\metadata\tiletools2_files\screen_enhance.gif --> swiftwind.rcat.utoronto.ca /usr/webserver/content/barrierfree/docs/tile/potluck3/tiletools2_files screen_enhance.gif
2003.12.17 10:37 B C:\Documents and Settings\tina\Desktop\metadata\tiletools2_files\struct_nav.gif --> swiftwind.rcat.utoronto.ca /usr/webserver/content/barrierfree/docs/tile/potluck3/tiletools2_files struct_nav.gif
2003.12.17 10:37 B C:\Documents and Settings\tina\Desktop\metadata\tiletools2_files\struct_preset.gif --> swiftwind.rcat.utoronto.ca /usr/webserver/content/barrierfree/docs/tile/potluck3/tiletools2_files struct_preset.gif
2003.12.17 10:37 B C:\Documents and Settings\tina\Desktop\metadata\tiletools2_files\style_prefs.gif --> swiftwind.rcat.utoronto.ca /usr/webserver/content/barrierfree/docs/tile/potluck3/tiletools2_files style_prefs.gif
2003.12.17 10:37 B C:\Documents and Settings\tina\Desktop\metadata\tiletools2_files\style_sheet.gif --> swiftwind.rcat.utoronto.ca /usr/webserver/content/barrierfree/docs/tile/potluck3/tiletools2_files style_sheet.gif
2003.12.17 10:37 B C:\Documents and Settings\tina\Desktop\metadata\tiletools2_files\Thumbs.db --> swiftwind.rcat.utoronto.ca /usr/webserver/content/barrierfree/docs/tile/potluck3/tiletools2_files Thumbs.db
2003.12.17 10:37 B C:\Documents and Settings\tina\Desktop\metadata\tiletools2_files\tilelogo.gif --> swiftwind.rcat.utoronto.ca /usr/webserver/content/barrierfree/docs/tile/potluck3/tiletools2_files tilelogo.gif
2003.12.17 11:04 B C:\Documents and Settings\tina\Desktop\STA program\tile\potluck3\tiletools2_files\WS_FTP.LOG <-- swiftwind barrierfree /usr/webserver/content/barrierfree/docs/tile/potluck3/tiletools2_files WS_FTP.LOG
2004.10.28 16:27 B C:\Documents and Settings\tina\Desktop\STA program\tile\potluck3\tiletools2_files\alt_aud.gif --> swiftwind.rcat.utoronto.ca /usr/webserver/content/barrierfree/docs/tile/potluck3/tiletools2_files alt_aud.gif
2004.10.28 16:27 B C:\Documents and Settings\tina\Desktop\STA program\tile\potluck3\tiletools2_files\alt_text.gif --> swiftwind.rcat.utoronto.ca /usr/webserver/content/barrierfree/docs/tile/potluck3/tiletools2_files alt_text.gif
2004.10.28 16:27 B C:\Documents and Settings\tina\Desktop\STA program\tile\potluck3\tiletools2_files\alt_vis.gif --> swiftwind.rcat.utoronto.ca /usr/webserver/content/barrierfree/docs/tile/potluck3/tiletools2_files alt_vis.gif
2004.10.28 16:27 B C:\Documents and Settings\tina\Desktop\STA program\tile\potluck3\tiletools2_files\content%20views.gif --> swiftwind.rcat.utoronto.ca /usr/webserver/content/barrierfree/docs/tile/potluck3/tiletools2_files content%20views.gif
2004.10.28 16:27 B C:\Documents and Settings\tina\Desktop\STA program\tile\potluck3\tiletools2_files\density.gif --> swiftwind.rcat.utoronto.ca /usr/webserver/content/barrierfree/docs/tile/potluck3/tiletools2_files density.gif
2004.10.28 16:27 B C:\Documents and Settings\tina\Desktop\STA program\tile\potluck3\tiletools2_files\equivalents2.gif --> swiftwind.rcat.utoronto.ca /usr/webserver/content/barrierfree/docs/tile/potluck3/tiletools2_files equivalents2.gif
2004.10.28 16:27 B C:\Documents and Settings\tina\Desktop\STA program\tile\potluck3\tiletools2_files\LIST OF PARTICIPANTS.doc --> swiftwind.rcat.utoronto.ca /usr/webserver/content/barrierfree/docs/tile/potluck3/tiletools2_files LIST OF PARTICIPANTS.doc
2004.10.28 16:27 B C:\Documents and Settings\tina\Desktop\STA program\tile\potluck3\tiletools2_files\nav_strat.gif --> swiftwind.rcat.utoronto.ca /usr/webserver/content/barrierfree/docs/tile/potluck3/tiletools2_files nav_strat.gif
2004.10.28 16:27 B C:\Documents and Settings\tina\Desktop\STA program\tile\potluck3\tiletools2_files\scaffold.gif --> swiftwind.rcat.utoronto.ca /usr/webserver/content/barrierfree/docs/tile/potluck3/tiletools2_files scaffold.gif
2004.10.28 16:27 B C:\Documents and Settings\tina\Desktop\STA program\tile\potluck3\tiletools2_files\scaffolding.gif --> swiftwind.rcat.utoronto.ca /usr/webserver/content/barrierfree/docs/tile/potluck3/tiletools2_files scaffolding.gif
2004.10.28 16:27 B C:\Documents and Settings\tina\Desktop\STA program\tile\potluck3\tiletools2_files\screen_enhance.gif --> swiftwind.rcat.utoronto.ca /usr/webserver/content/barrierfree/docs/tile/potluck3/tiletools2_files screen_enhance.gif
2004.10.28 16:27 B C:\Documents and Settings\tina\Desktop\STA program\tile\potluck3\tiletools2_files\struct_nav.gif --> swiftwind.rcat.utoronto.ca /usr/webserver/content/barrierfree/docs/tile/potluck3/tiletools2_files struct_nav.gif
2004.10.28 16:27 B C:\Documents and Settings\tina\Desktop\STA program\tile\potluck3\tiletools2_files\struct_preset.gif --> swiftwind.rcat.utoronto.ca /usr/webserver/content/barrierfree/docs/tile/potluck3/tiletools2_files struct_preset.gif
2004.10.28 16:27 B C:\Documents and Settings\tina\Desktop\STA program\tile\potluck3\tiletools2_files\style_prefs.gif --> swiftwind.rcat.utoronto.ca /usr/webserver/content/barrierfree/docs/tile/potluck3/tiletools2_files style_prefs.gif
2004.10.28 16:27 B C:\Documents and Settings\tina\Desktop\STA program\tile\potluck3\tiletools2_files\style_sheet.gif --> swiftwind.rcat.utoronto.ca /usr/webserver/content/barrierfree/docs/tile/potluck3/tiletools2_files style_sheet.gif
2004.10.28 16:27 B C:\Documents and Settings\tina\Desktop\STA program\tile\potluck3\tiletools2_files\Thumbs.db --> swiftwind.rcat.utoronto.ca /usr/webserver/content/barrierfree/docs/tile/potluck3/tiletools2_files Thumbs.db
2004.10.28 16:27 B C:\Documents and Settings\tina\Desktop\STA program\tile\potluck3\tiletools2_files\tilelogo.gif --> swiftwind.rcat.utoronto.ca /usr/webserver/content/barrierfree/docs/tile/potluck3/tiletools2_files tilelogo.gif
